<?xml version="1.0" encoding="UTF-8"?>
<coverage generated="1559398033567" clover="3.2.0">
  <project timestamp="1559398033567" name="All files">
    <metrics statements="333" coveredstatements="285" conditionals="150" coveredconditionals="94" methods="42" coveredmethods="37" elements="525" coveredelements="416" complexity="0" loc="333" ncloc="333" packages="1" files="4" classes="4"/>
    <file name="config.js" path="C:\Users\diberry\repos\dina\utterance-manager\apiServer\src\config.js">
      <metrics statements="28" coveredstatements="28" conditionals="42" coveredconditionals="21" methods="5" coveredmethods="5"/>
      <line num="1" count="2" type="stmt"/>
      <line num="2" count="2" type="stmt"/>
      <line num="4" count="2" type="stmt"/>
      <line num="6" count="5" type="stmt"/>
      <line num="8" count="5" type="stmt"/>
      <line num="35" count="5" type="stmt"/>
      <line num="53" count="5" type="stmt"/>
      <line num="54" count="5" type="stmt"/>
      <line num="57" count="2" type="stmt"/>
      <line num="59" count="7" type="stmt"/>
      <line num="61" count="7" type="stmt"/>
      <line num="88" count="6" type="stmt"/>
      <line num="106" count="7" type="stmt"/>
      <line num="107" count="7" type="stmt"/>
      <line num="109" count="2" type="stmt"/>
      <line num="111" count="12" type="cond" truecount="1" falsecount="1"/>
      <line num="112" count="12" type="cond" truecount="2" falsecount="2"/>
      <line num="113" count="12" type="cond" truecount="2" falsecount="2"/>
      <line num="114" count="12" type="cond" truecount="2" falsecount="2"/>
      <line num="116" count="12" type="cond" truecount="2" falsecount="2"/>
      <line num="117" count="12" type="cond" truecount="2" falsecount="2"/>
      <line num="118" count="12" type="cond" truecount="2" falsecount="2"/>
      <line num="120" count="12" type="cond" truecount="2" falsecount="2"/>
      <line num="121" count="12" type="cond" truecount="2" falsecount="2"/>
      <line num="122" count="12" type="cond" truecount="2" falsecount="2"/>
      <line num="123" count="12" type="cond" truecount="2" falsecount="2"/>
      <line num="125" count="12" type="stmt"/>
      <line num="128" count="2" type="stmt"/>
    </file>
    <file name="server.js" path="C:\Users\diberry\repos\dina\utterance-manager\apiServer\src\server.js">
      <metrics statements="118" coveredstatements="96" conditionals="30" coveredconditionals="24" methods="18" coveredmethods="15"/>
      <line num="1" count="2" type="stmt"/>
      <line num="2" count="2" type="stmt"/>
      <line num="3" count="2" type="stmt"/>
      <line num="9" count="2" type="stmt"/>
      <line num="10" count="2" type="stmt"/>
      <line num="12" count="2" type="stmt"/>
      <line num="13" count="12" type="stmt"/>
      <line num="15" count="2" type="stmt"/>
      <line num="16" count="12" type="stmt"/>
      <line num="20" count="0" type="stmt"/>
      <line num="21" count="0" type="stmt"/>
      <line num="27" count="2" type="stmt"/>
      <line num="29" count="12" type="cond" truecount="2" falsecount="0"/>
      <line num="30" count="5" type="stmt"/>
      <line num="32" count="7" type="stmt"/>
      <line num="34" count="12" type="stmt"/>
      <line num="35" count="12" type="stmt"/>
      <line num="36" count="12" type="stmt"/>
      <line num="37" count="12" type="stmt"/>
      <line num="42" count="12" type="stmt"/>
      <line num="45" count="2" type="stmt"/>
      <line num="47" count="12" type="cond" truecount="1" falsecount="1"/>
      <line num="49" count="12" type="stmt"/>
      <line num="51" count="12" type="stmt"/>
      <line num="52" count="1" type="stmt"/>
      <line num="53" count="1" type="stmt"/>
      <line num="54" count="1" type="stmt"/>
      <line num="55" count="1" type="stmt"/>
      <line num="58" count="12" type="stmt"/>
      <line num="59" count="1" type="stmt"/>
      <line num="60" count="1" type="stmt"/>
      <line num="61" count="1" type="stmt"/>
      <line num="67" count="1" type="stmt"/>
      <line num="70" count="12" type="stmt"/>
      <line num="71" count="1" type="stmt"/>
      <line num="72" count="1" type="stmt"/>
      <line num="73" count="1" type="stmt"/>
      <line num="79" count="1" type="stmt"/>
      <line num="81" count="12" type="stmt"/>
      <line num="82" count="1" type="stmt"/>
      <line num="85" count="12" type="stmt"/>
      <line num="86" count="1" type="stmt"/>
      <line num="87" count="1" type="stmt"/>
      <line num="90" count="0" type="stmt"/>
      <line num="97" count="12" type="stmt"/>
      <line num="99" count="1" type="stmt"/>
      <line num="101" count="1" type="cond" truecount="1" falsecount="1"/>
      <line num="103" count="1" type="cond" truecount="5" falsecount="1"/>
      <line num="104" count="0" type="stmt"/>
      <line num="105" count="0" type="stmt"/>
      <line num="106" count="0" type="stmt"/>
      <line num="108" count="0" type="stmt"/>
      <line num="111" count="1" type="stmt"/>
      <line num="112" count="1" type="stmt"/>
      <line num="113" count="1" type="stmt"/>
      <line num="114" count="1" type="stmt"/>
      <line num="116" count="1" type="stmt"/>
      <line num="118" count="1" type="stmt"/>
      <line num="121" count="0" type="stmt"/>
      <line num="126" count="12" type="stmt"/>
      <line num="128" count="1" type="stmt"/>
      <line num="130" count="1" type="cond" truecount="1" falsecount="1"/>
      <line num="131" count="1" type="stmt"/>
      <line num="133" count="1" type="cond" truecount="4" falsecount="1"/>
      <line num="135" count="0" type="stmt"/>
      <line num="136" count="0" type="stmt"/>
      <line num="138" count="0" type="stmt"/>
      <line num="141" count="1" type="stmt"/>
      <line num="143" count="1" type="stmt"/>
      <line num="144" count="1" type="stmt"/>
      <line num="145" count="1" type="stmt"/>
      <line num="146" count="1" type="stmt"/>
      <line num="147" count="1" type="stmt"/>
      <line num="148" count="1" type="stmt"/>
      <line num="149" count="1" type="stmt"/>
      <line num="151" count="1" type="stmt"/>
      <line num="154" count="0" type="stmt"/>
      <line num="155" count="0" type="stmt"/>
      <line num="160" count="12" type="stmt"/>
      <line num="162" count="2" type="stmt"/>
      <line num="164" count="2" type="cond" truecount="6" falsecount="0"/>
      <line num="165" count="1" type="stmt"/>
      <line num="166" count="1" type="stmt"/>
      <line num="167" count="1" type="stmt"/>
      <line num="169" count="1" type="stmt"/>
      <line num="172" count="1" type="stmt"/>
      <line num="173" count="1" type="stmt"/>
      <line num="174" count="1" type="stmt"/>
      <line num="175" count="1" type="stmt"/>
      <line num="177" count="1" type="stmt"/>
      <line num="181" count="0" type="stmt"/>
      <line num="186" count="12" type="stmt"/>
      <line num="188" count="1" type="stmt"/>
      <line num="190" count="1" type="cond" truecount="4" falsecount="1"/>
      <line num="191" count="0" type="stmt"/>
      <line num="192" count="0" type="stmt"/>
      <line num="193" count="0" type="stmt"/>
      <line num="195" count="0" type="stmt"/>
      <line num="199" count="1" type="stmt"/>
      <line num="202" count="1" type="stmt"/>
      <line num="203" count="1" type="stmt"/>
      <line num="204" count="1" type="stmt"/>
      <line num="205" count="1" type="stmt"/>
      <line num="207" count="1" type="stmt"/>
      <line num="209" count="1" type="stmt"/>
      <line num="212" count="0" type="stmt"/>
      <line num="213" count="0" type="stmt"/>
      <line num="218" count="12" type="stmt"/>
      <line num="221" count="2" type="stmt"/>
      <line num="223" count="12" type="stmt"/>
      <line num="225" count="12" type="stmt"/>
      <line num="227" count="12" type="stmt"/>
      <line num="228" count="12" type="stmt"/>
      <line num="230" count="12" type="stmt"/>
      <line num="233" count="0" type="stmt"/>
      <line num="236" count="2" type="stmt"/>
      <line num="240" count="0" type="stmt"/>
      <line num="245" count="2" type="stmt"/>
    </file>
    <file name="text.js" path="C:\Users\diberry\repos\dina\utterance-manager\apiServer\src\text.js">
      <metrics statements="126" coveredstatements="113" conditionals="44" coveredconditionals="29" methods="14" coveredmethods="12"/>
      <line num="1" count="3" type="stmt"/>
      <line num="2" count="3" type="stmt"/>
      <line num="3" count="3" type="stmt"/>
      <line num="4" count="3" type="stmt"/>
      <line num="6" count="3" type="stmt"/>
      <line num="8" count="3" type="stmt"/>
      <line num="10" count="84" type="stmt"/>
      <line num="12" count="3" type="stmt"/>
      <line num="14" count="2" type="stmt"/>
      <line num="15" count="2" type="stmt"/>
      <line num="17" count="2" type="stmt"/>
      <line num="19" count="2" type="stmt"/>
      <line num="20" count="2" type="cond" truecount="3" falsecount="1"/>
      <line num="21" count="0" type="stmt"/>
      <line num="27" count="2" type="stmt"/>
      <line num="30" count="0" type="stmt"/>
      <line num="35" count="3" type="stmt"/>
      <line num="36" count="0" type="stmt"/>
      <line num="38" count="3" type="stmt"/>
      <line num="39" count="0" type="stmt"/>
      <line num="49" count="3" type="stmt"/>
      <line num="51" count="2" type="stmt"/>
      <line num="53" count="2" type="cond" truecount="1" falsecount="1"/>
      <line num="56" count="2" type="stmt"/>
      <line num="59" count="2" type="stmt"/>
      <line num="60" count="2" type="stmt"/>
      <line num="61" count="160" type="stmt"/>
      <line num="65" count="2" type="stmt"/>
      <line num="66" count="2" type="stmt"/>
      <line num="67" count="2" type="stmt"/>
      <line num="68" count="16" type="cond" truecount="1" falsecount="1"/>
      <line num="70" count="16" type="stmt"/>
      <line num="71" count="16" type="stmt"/>
      <line num="76" count="2" type="stmt"/>
      <line num="79" count="2" type="stmt"/>
      <line num="80" count="2" type="stmt"/>
      <line num="81" count="158" type="stmt"/>
      <line num="82" count="158" type="stmt"/>
      <line num="84" count="1264" type="cond" truecount="2" falsecount="0"/>
      <line num="85" count="1106" type="cond" truecount="1" falsecount="1"/>
      <line num="87" count="0" type="stmt"/>
      <line num="88" count="1106" type="cond" truecount="1" falsecount="1"/>
      <line num="90" count="0" type="stmt"/>
      <line num="93" count="1106" type="stmt"/>
      <line num="97" count="158" type="stmt"/>
      <line num="99" count="2" type="stmt"/>
      <line num="101" count="0" type="stmt"/>
      <line num="110" count="3" type="stmt"/>
      <line num="112" count="2" type="cond" truecount="4" falsecount="1"/>
      <line num="114" count="2" type="stmt"/>
      <line num="116" count="158" type="cond" truecount="3" falsecount="1"/>
      <line num="118" count="158" type="stmt"/>
      <line num="121" count="158" type="cond" truecount="1" falsecount="1"/>
      <line num="123" count="158" type="stmt"/>
      <line num="124" count="158" type="stmt"/>
      <line num="131" count="158" type="stmt"/>
      <line num="134" count="158" type="stmt"/>
      <line num="137" count="158" type="stmt"/>
      <line num="138" count="158" type="cond" truecount="1" falsecount="1"/>
      <line num="140" count="158" type="stmt"/>
      <line num="145" count="2" type="stmt"/>
      <line num="147" count="3" type="stmt"/>
      <line num="149" count="158" type="cond" truecount="3" falsecount="1"/>
      <line num="151" count="158" type="stmt"/>
      <line num="153" count="158" type="stmt"/>
      <line num="157" count="158" type="stmt"/>
      <line num="159" count="3" type="stmt"/>
      <line num="160" count="1" type="stmt"/>
      <line num="161" count="1" type="stmt"/>
      <line num="162" count="1" type="stmt"/>
      <line num="164" count="1" type="stmt"/>
      <line num="166" count="1" type="stmt"/>
      <line num="168" count="1" type="stmt"/>
      <line num="171" count="3" type="cond" truecount="1" falsecount="1"/>
      <line num="172" count="3" type="stmt"/>
      <line num="173" count="3" type="stmt"/>
      <line num="174" count="3" type="stmt"/>
      <line num="178" count="1" type="stmt"/>
      <line num="179" count="1" type="stmt"/>
      <line num="180" count="1" type="stmt"/>
      <line num="181" count="1" type="stmt"/>
      <line num="184" count="0" type="stmt"/>
      <line num="191" count="3" type="stmt"/>
      <line num="192" count="1" type="stmt"/>
      <line num="193" count="1" type="stmt"/>
      <line num="194" count="1" type="stmt"/>
      <line num="196" count="1" type="stmt"/>
      <line num="198" count="1" type="stmt"/>
      <line num="199" count="1" type="stmt"/>
      <line num="200" count="1" type="stmt"/>
      <line num="206" count="1" type="stmt"/>
      <line num="207" count="1" type="stmt"/>
      <line num="210" count="1" type="stmt"/>
      <line num="213" count="1" type="stmt"/>
      <line num="214" count="79" type="stmt"/>
      <line num="216" count="1" type="stmt"/>
      <line num="217" count="1" type="stmt"/>
      <line num="219" count="1" type="stmt"/>
      <line num="221" count="1" type="stmt"/>
      <line num="223" count="79" type="cond" truecount="1" falsecount="1"/>
      <line num="224" count="79" type="stmt"/>
      <line num="225" count="79" type="stmt"/>
      <line num="226" count="79" type="stmt"/>
      <line num="231" count="1" type="stmt"/>
      <line num="232" count="1" type="stmt"/>
      <line num="233" count="1" type="stmt"/>
      <line num="234" count="1" type="stmt"/>
      <line num="237" count="0" type="stmt"/>
      <line num="238" count="0" type="stmt"/>
      <line num="245" count="3" type="stmt"/>
      <line num="246" count="84" type="stmt"/>
      <line num="248" count="84" type="cond" truecount="2" falsecount="3"/>
      <line num="249" count="0" type="stmt"/>
      <line num="255" count="84" type="cond" truecount="4" falsecount="0"/>
      <line num="256" count="83" type="stmt"/>
      <line num="259" count="84" type="stmt"/>
      <line num="270" count="84" type="stmt"/>
      <line num="271" count="84" type="stmt"/>
      <line num="272" count="84" type="stmt"/>
      <line num="273" count="84" type="stmt"/>
      <line num="275" count="84" type="stmt"/>
      <line num="278" count="0" type="stmt"/>
      <line num="279" count="0" type="stmt"/>
      <line num="287" count="3" type="stmt"/>
      <line num="288" count="90" type="stmt"/>
      <line num="296" count="3" type="stmt"/>
    </file>
    <file name="tts.js" path="C:\Users\diberry\repos\dina\utterance-manager\apiServer\src\tts.js">
      <metrics statements="61" coveredstatements="48" conditionals="34" coveredconditionals="20" methods="5" coveredmethods="5"/>
      <line num="1" count="3" type="stmt"/>
      <line num="2" count="3" type="stmt"/>
      <line num="5" count="3" type="stmt"/>
      <line num="6" count="77" type="stmt"/>
      <line num="7" count="77" type="stmt"/>
      <line num="14" count="77" type="stmt"/>
      <line num="16" count="0" type="stmt"/>
      <line num="21" count="3" type="stmt"/>
      <line num="23" count="76" type="stmt"/>
      <line num="30" count="76" type="cond" truecount="2" falsecount="2"/>
      <line num="33" count="0" type="cond" truecount="0" falsecount="2"/>
      <line num="36" count="0" type="stmt"/>
      <line num="42" count="0" type="stmt"/>
      <line num="55" count="3" type="stmt"/>
      <line num="57" count="76" type="stmt"/>
      <line num="59" count="76" type="stmt"/>
      <line num="62" count="76" type="stmt"/>
      <line num="64" count="76" type="stmt"/>
      <line num="79" count="76" type="stmt"/>
      <line num="81" count="76" type="cond" truecount="2" falsecount="0"/>
      <line num="82" count="53" type="stmt"/>
      <line num="85" count="76" type="stmt"/>
      <line num="88" count="0" type="stmt"/>
      <line num="95" count="3" type="stmt"/>
      <line num="97" count="84" type="stmt"/>
      <line num="98" count="84" type="stmt"/>
      <line num="99" count="84" type="stmt"/>
      <line num="100" count="84" type="stmt"/>
      <line num="101" count="84" type="stmt"/>
      <line num="103" count="84" type="cond" truecount="1" falsecount="1"/>
      <line num="104" count="0" type="stmt"/>
      <line num="106" count="84" type="cond" truecount="1" falsecount="1"/>
      <line num="107" count="0" type="stmt"/>
      <line num="110" count="84" type="cond" truecount="1" falsecount="1"/>
      <line num="111" count="0" type="stmt"/>
      <line num="114" count="84" type="cond" truecount="1" falsecount="1"/>
      <line num="115" count="0" type="stmt"/>
      <line num="118" count="84" type="cond" truecount="1" falsecount="1"/>
      <line num="119" count="0" type="stmt"/>
      <line num="122" count="84" type="cond" truecount="1" falsecount="1"/>
      <line num="123" count="0" type="stmt"/>
      <line num="125" count="84" type="cond" truecount="2" falsecount="2"/>
      <line num="126" count="0" type="stmt"/>
      <line num="127" count="84" type="cond" truecount="3" falsecount="1"/>
      <line num="128" count="84" type="stmt"/>
      <line num="134" count="84" type="stmt"/>
      <line num="138" count="84" type="cond" truecount="1" falsecount="1"/>
      <line num="139" count="0" type="stmt"/>
      <line num="142" count="84" type="cond" truecount="2" falsecount="0"/>
      <line num="143" count="7" type="stmt"/>
      <line num="146" count="84" type="cond" truecount="2" falsecount="0"/>
      <line num="147" count="7" type="stmt"/>
      <line num="148" count="7" type="stmt"/>
      <line num="151" count="77" type="stmt"/>
      <line num="153" count="77" type="stmt"/>
      <line num="156" count="76" type="stmt"/>
      <line num="158" count="53" type="stmt"/>
      <line num="159" count="53" type="stmt"/>
      <line num="162" count="24" type="stmt"/>
      <line num="164" count="77" type="stmt"/>
      <line num="168" count="3" type="stmt"/>
    </file>
  </project>
</coverage>
