{"C:\\Users\\diberry\\repos\\dina\\utterance-manager\\apiServer\\src\\config.js": {"path":"C:\\Users\\diberry\\repos\\dina\\utterance-manager\\apiServer\\src\\config.js","statementMap":{"0":{"start":{"line":1,"column":0},"end":{"line":1,"column":27}},"1":{"start":{"line":2,"column":13},"end":{"line":2,"column":28}},"2":{"start":{"line":4,"column":22},"end":{"line":55,"column":1}},"3":{"start":{"line":6,"column":22},"end":{"line":6,"column":48}},"4":{"start":{"line":8,"column":20},"end":{"line":52,"column":5}},"5":{"start":{"line":35,"column":55},"end":{"line":35,"column":68}},"6":{"start":{"line":53,"column":24},"end":{"line":53,"column":46}},"7":{"start":{"line":54,"column":4},"end":{"line":54,"column":25}},"8":{"start":{"line":57,"column":18},"end":{"line":108,"column":1}},"9":{"start":{"line":59,"column":22},"end":{"line":59,"column":47}},"10":{"start":{"line":61,"column":20},"end":{"line":105,"column":5}},"11":{"start":{"line":88,"column":55},"end":{"line":88,"column":68}},"12":{"start":{"line":106,"column":24},"end":{"line":106,"column":46}},"13":{"start":{"line":107,"column":4},"end":{"line":107,"column":25}},"14":{"start":{"line":109,"column":20},"end":{"line":126,"column":1}},"15":{"start":{"line":111,"column":4},"end":{"line":111,"column":43}},"16":{"start":{"line":111,"column":17},"end":{"line":111,"column":43}},"17":{"start":{"line":112,"column":4},"end":{"line":112,"column":88}},"18":{"start":{"line":112,"column":57},"end":{"line":112,"column":88}},"19":{"start":{"line":113,"column":4},"end":{"line":113,"column":97}},"20":{"start":{"line":113,"column":63},"end":{"line":113,"column":97}},"21":{"start":{"line":114,"column":4},"end":{"line":114,"column":85}},"22":{"start":{"line":114,"column":55},"end":{"line":114,"column":85}},"23":{"start":{"line":116,"column":4},"end":{"line":116,"column":106}},"24":{"start":{"line":116,"column":69},"end":{"line":116,"column":106}},"25":{"start":{"line":117,"column":4},"end":{"line":117,"column":127}},"26":{"start":{"line":117,"column":83},"end":{"line":117,"column":127}},"27":{"start":{"line":118,"column":4},"end":{"line":118,"column":118}},"28":{"start":{"line":118,"column":77},"end":{"line":118,"column":118}},"29":{"start":{"line":120,"column":4},"end":{"line":120,"column":100}},"30":{"start":{"line":120,"column":65},"end":{"line":120,"column":100}},"31":{"start":{"line":121,"column":4},"end":{"line":121,"column":115}},"32":{"start":{"line":121,"column":75},"end":{"line":121,"column":115}},"33":{"start":{"line":122,"column":4},"end":{"line":122,"column":115}},"34":{"start":{"line":122,"column":75},"end":{"line":122,"column":115}},"35":{"start":{"line":123,"column":4},"end":{"line":123,"column":112}},"36":{"start":{"line":123,"column":73},"end":{"line":123,"column":112}},"37":{"start":{"line":125,"column":4},"end":{"line":125,"column":18}},"38":{"start":{"line":128,"column":0},"end":{"line":131,"column":4}}},"fnMap":{"0":{"name":"(anonymous_0)","decl":{"start":{"line":4,"column":22},"end":{"line":4,"column":23}},"loc":{"start":{"line":4,"column":28},"end":{"line":55,"column":1}},"line":4},"1":{"name":"(anonymous_1)","decl":{"start":{"line":35,"column":33},"end":{"line":35,"column":34}},"loc":{"start":{"line":35,"column":53},"end":{"line":35,"column":70}},"line":35},"2":{"name":"(anonymous_2)","decl":{"start":{"line":57,"column":18},"end":{"line":57,"column":19}},"loc":{"start":{"line":57,"column":24},"end":{"line":108,"column":1}},"line":57},"3":{"name":"(anonymous_3)","decl":{"start":{"line":88,"column":33},"end":{"line":88,"column":34}},"loc":{"start":{"line":88,"column":53},"end":{"line":88,"column":70}},"line":88},"4":{"name":"(anonymous_4)","decl":{"start":{"line":109,"column":20},"end":{"line":109,"column":21}},"loc":{"start":{"line":109,"column":30},"end":{"line":126,"column":1}},"line":109}},"branchMap":{"0":{"loc":{"start":{"line":111,"column":4},"end":{"line":111,"column":43}},"type":"if","locations":[{"start":{"line":111,"column":4},"end":{"line":111,"column":43}},{"start":{"line":111,"column":4},"end":{"line":111,"column":43}}],"line":111},"1":{"loc":{"start":{"line":112,"column":4},"end":{"line":112,"column":88}},"type":"if","locations":[{"start":{"line":112,"column":4},"end":{"line":112,"column":88}},{"start":{"line":112,"column":4},"end":{"line":112,"column":88}}],"line":112},"2":{"loc":{"start":{"line":112,"column":7},"end":{"line":112,"column":55}},"type":"binary-expr","locations":[{"start":{"line":112,"column":7},"end":{"line":112,"column":19}},{"start":{"line":112,"column":24},"end":{"line":112,"column":54}}],"line":112},"3":{"loc":{"start":{"line":113,"column":4},"end":{"line":113,"column":97}},"type":"if","locations":[{"start":{"line":113,"column":4},"end":{"line":113,"column":97}},{"start":{"line":113,"column":4},"end":{"line":113,"column":97}}],"line":113},"4":{"loc":{"start":{"line":113,"column":7},"end":{"line":113,"column":61}},"type":"binary-expr","locations":[{"start":{"line":113,"column":7},"end":{"line":113,"column":22}},{"start":{"line":113,"column":27},"end":{"line":113,"column":60}}],"line":113},"5":{"loc":{"start":{"line":114,"column":4},"end":{"line":114,"column":85}},"type":"if","locations":[{"start":{"line":114,"column":4},"end":{"line":114,"column":85}},{"start":{"line":114,"column":4},"end":{"line":114,"column":85}}],"line":114},"6":{"loc":{"start":{"line":114,"column":7},"end":{"line":114,"column":53}},"type":"binary-expr","locations":[{"start":{"line":114,"column":7},"end":{"line":114,"column":18}},{"start":{"line":114,"column":23},"end":{"line":114,"column":52}}],"line":114},"7":{"loc":{"start":{"line":116,"column":4},"end":{"line":116,"column":106}},"type":"if","locations":[{"start":{"line":116,"column":4},"end":{"line":116,"column":106}},{"start":{"line":116,"column":4},"end":{"line":116,"column":106}}],"line":116},"8":{"loc":{"start":{"line":116,"column":7},"end":{"line":116,"column":67}},"type":"binary-expr","locations":[{"start":{"line":116,"column":7},"end":{"line":116,"column":25}},{"start":{"line":116,"column":30},"end":{"line":116,"column":66}}],"line":116},"9":{"loc":{"start":{"line":117,"column":4},"end":{"line":117,"column":127}},"type":"if","locations":[{"start":{"line":117,"column":4},"end":{"line":117,"column":127}},{"start":{"line":117,"column":4},"end":{"line":117,"column":127}}],"line":117},"10":{"loc":{"start":{"line":117,"column":7},"end":{"line":117,"column":81}},"type":"binary-expr","locations":[{"start":{"line":117,"column":7},"end":{"line":117,"column":32}},{"start":{"line":117,"column":37},"end":{"line":117,"column":80}}],"line":117},"11":{"loc":{"start":{"line":118,"column":4},"end":{"line":118,"column":118}},"type":"if","locations":[{"start":{"line":118,"column":4},"end":{"line":118,"column":118}},{"start":{"line":118,"column":4},"end":{"line":118,"column":118}}],"line":118},"12":{"loc":{"start":{"line":118,"column":7},"end":{"line":118,"column":75}},"type":"binary-expr","locations":[{"start":{"line":118,"column":7},"end":{"line":118,"column":29}},{"start":{"line":118,"column":34},"end":{"line":118,"column":74}}],"line":118},"13":{"loc":{"start":{"line":120,"column":4},"end":{"line":120,"column":100}},"type":"if","locations":[{"start":{"line":120,"column":4},"end":{"line":120,"column":100}},{"start":{"line":120,"column":4},"end":{"line":120,"column":100}}],"line":120},"14":{"loc":{"start":{"line":120,"column":7},"end":{"line":120,"column":63}},"type":"binary-expr","locations":[{"start":{"line":120,"column":7},"end":{"line":120,"column":23}},{"start":{"line":120,"column":28},"end":{"line":120,"column":62}}],"line":120},"15":{"loc":{"start":{"line":121,"column":4},"end":{"line":121,"column":115}},"type":"if","locations":[{"start":{"line":121,"column":4},"end":{"line":121,"column":115}},{"start":{"line":121,"column":4},"end":{"line":121,"column":115}}],"line":121},"16":{"loc":{"start":{"line":121,"column":7},"end":{"line":121,"column":73}},"type":"binary-expr","locations":[{"start":{"line":121,"column":7},"end":{"line":121,"column":28}},{"start":{"line":121,"column":33},"end":{"line":121,"column":72}}],"line":121},"17":{"loc":{"start":{"line":122,"column":4},"end":{"line":122,"column":115}},"type":"if","locations":[{"start":{"line":122,"column":4},"end":{"line":122,"column":115}},{"start":{"line":122,"column":4},"end":{"line":122,"column":115}}],"line":122},"18":{"loc":{"start":{"line":122,"column":7},"end":{"line":122,"column":73}},"type":"binary-expr","locations":[{"start":{"line":122,"column":7},"end":{"line":122,"column":28}},{"start":{"line":122,"column":33},"end":{"line":122,"column":72}}],"line":122},"19":{"loc":{"start":{"line":123,"column":4},"end":{"line":123,"column":112}},"type":"if","locations":[{"start":{"line":123,"column":4},"end":{"line":123,"column":112}},{"start":{"line":123,"column":4},"end":{"line":123,"column":112}}],"line":123},"20":{"loc":{"start":{"line":123,"column":7},"end":{"line":123,"column":71}},"type":"binary-expr","locations":[{"start":{"line":123,"column":7},"end":{"line":123,"column":27}},{"start":{"line":123,"column":32},"end":{"line":123,"column":70}}],"line":123}},"s":{"0":2,"1":2,"2":2,"3":5,"4":5,"5":5,"6":5,"7":5,"8":2,"9":7,"10":7,"11":6,"12":7,"13":7,"14":2,"15":12,"16":0,"17":12,"18":0,"19":12,"20":0,"21":12,"22":0,"23":12,"24":0,"25":12,"26":0,"27":12,"28":0,"29":12,"30":0,"31":12,"32":0,"33":12,"34":0,"35":12,"36":0,"37":12,"38":2},"f":{"0":5,"1":5,"2":7,"3":6,"4":12},"b":{"0":[0,12],"1":[0,12],"2":[12,0],"3":[0,12],"4":[12,0],"5":[0,12],"6":[12,0],"7":[0,12],"8":[12,0],"9":[0,12],"10":[12,0],"11":[0,12],"12":[12,0],"13":[0,12],"14":[12,0],"15":[0,12],"16":[12,0],"17":[0,12],"18":[12,0],"19":[0,12],"20":[12,0]},"_coverageSchema":"43e27e138ebf9cfc5966b082cf9a028302ed4184","hash":"c7d247b8b329cf881c26d7ef79c504982f828a46"}
,"C:\\Users\\diberry\\repos\\dina\\utterance-manager\\apiServer\\src\\server.js": {"path":"C:\\Users\\diberry\\repos\\dina\\utterance-manager\\apiServer\\src\\server.js","statementMap":{"0":{"start":{"line":1,"column":16},"end":{"line":1,"column":34}},"1":{"start":{"line":2,"column":15},"end":{"line":2,"column":44}},"2":{"start":{"line":3,"column":0},"end":{"line":7,"column":46}},"3":{"start":{"line":9,"column":23},"end":{"line":9,"column":43}},"4":{"start":{"line":10,"column":25},"end":{"line":10,"column":47}},"5":{"start":{"line":12,"column":26},"end":{"line":14,"column":1}},"6":{"start":{"line":13,"column":2},"end":{"line":13,"column":73}},"7":{"start":{"line":15,"column":28},"end":{"line":17,"column":1}},"8":{"start":{"line":16,"column":2},"end":{"line":16,"column":80}},"9":{"start":{"line":20,"column":2},"end":{"line":20,"column":17}},"10":{"start":{"line":21,"column":2},"end":{"line":21,"column":37}},"11":{"start":{"line":27,"column":17},"end":{"line":44,"column":1}},"12":{"start":{"line":29,"column":2},"end":{"line":33,"column":3}},"13":{"start":{"line":30,"column":4},"end":{"line":30,"column":24}},"14":{"start":{"line":32,"column":4},"end":{"line":32,"column":46}},"15":{"start":{"line":34,"column":2},"end":{"line":34,"column":22}},"16":{"start":{"line":35,"column":2},"end":{"line":35,"column":18}},"17":{"start":{"line":36,"column":2},"end":{"line":36,"column":26}},"18":{"start":{"line":37,"column":2},"end":{"line":41,"column":6}},"19":{"start":{"line":42,"column":2},"end":{"line":42,"column":24}},"20":{"start":{"line":45,"column":20},"end":{"line":220,"column":1}},"21":{"start":{"line":47,"column":2},"end":{"line":47,"column":61}},"22":{"start":{"line":47,"column":38},"end":{"line":47,"column":61}},"23":{"start":{"line":49,"column":2},"end":{"line":49,"column":57}},"24":{"start":{"line":49,"column":29},"end":{"line":49,"column":55}},"25":{"start":{"line":51,"column":2},"end":{"line":56,"column":5}},"26":{"start":{"line":52,"column":17},"end":{"line":52,"column":68}},"27":{"start":{"line":53,"column":4},"end":{"line":53,"column":29}},"28":{"start":{"line":54,"column":4},"end":{"line":54,"column":30}},"29":{"start":{"line":55,"column":4},"end":{"line":55,"column":40}},"30":{"start":{"line":58,"column":2},"end":{"line":68,"column":5}},"31":{"start":{"line":59,"column":17},"end":{"line":59,"column":68}},"32":{"start":{"line":60,"column":4},"end":{"line":60,"column":29}},"33":{"start":{"line":61,"column":4},"end":{"line":66,"column":6}},"34":{"start":{"line":67,"column":4},"end":{"line":67,"column":40}},"35":{"start":{"line":70,"column":2},"end":{"line":80,"column":5}},"36":{"start":{"line":71,"column":17},"end":{"line":71,"column":68}},"37":{"start":{"line":72,"column":4},"end":{"line":72,"column":36}},"38":{"start":{"line":73,"column":4},"end":{"line":78,"column":6}},"39":{"start":{"line":79,"column":4},"end":{"line":79,"column":40}},"40":{"start":{"line":81,"column":2},"end":{"line":83,"column":5}},"41":{"start":{"line":82,"column":4},"end":{"line":82,"column":86}},"42":{"start":{"line":85,"column":2},"end":{"line":92,"column":5}},"43":{"start":{"line":86,"column":4},"end":{"line":91,"column":5}},"44":{"start":{"line":87,"column":6},"end":{"line":87,"column":105}},"45":{"start":{"line":90,"column":6},"end":{"line":90,"column":52}},"46":{"start":{"line":97,"column":2},"end":{"line":123,"column":5}},"47":{"start":{"line":99,"column":4},"end":{"line":122,"column":5}},"48":{"start":{"line":101,"column":6},"end":{"line":101,"column":66}},"49":{"start":{"line":101,"column":27},"end":{"line":101,"column":66}},"50":{"start":{"line":103,"column":6},"end":{"line":109,"column":7}},"51":{"start":{"line":104,"column":21},"end":{"line":104,"column":72}},"52":{"start":{"line":105,"column":8},"end":{"line":105,"column":29}},"53":{"start":{"line":106,"column":8},"end":{"line":107,"column":37}},"54":{"start":{"line":108,"column":8},"end":{"line":108,"column":58}},"55":{"start":{"line":111,"column":19},"end":{"line":111,"column":33}},"56":{"start":{"line":112,"column":6},"end":{"line":112,"column":29}},"57":{"start":{"line":113,"column":6},"end":{"line":113,"column":27}},"58":{"start":{"line":114,"column":6},"end":{"line":114,"column":45}},"59":{"start":{"line":116,"column":19},"end":{"line":116,"column":63}},"60":{"start":{"line":118,"column":6},"end":{"line":118,"column":56}},"61":{"start":{"line":121,"column":6},"end":{"line":121,"column":41}},"62":{"start":{"line":126,"column":2},"end":{"line":157,"column":5}},"63":{"start":{"line":128,"column":4},"end":{"line":156,"column":5}},"64":{"start":{"line":130,"column":6},"end":{"line":130,"column":69}},"65":{"start":{"line":130,"column":27},"end":{"line":130,"column":69}},"66":{"start":{"line":131,"column":19},"end":{"line":131,"column":70}},"67":{"start":{"line":133,"column":6},"end":{"line":139,"column":7}},"68":{"start":{"line":135,"column":8},"end":{"line":135,"column":32}},"69":{"start":{"line":136,"column":8},"end":{"line":137,"column":37}},"70":{"start":{"line":138,"column":8},"end":{"line":138,"column":58}},"71":{"start":{"line":141,"column":17},"end":{"line":141,"column":40}},"72":{"start":{"line":143,"column":19},"end":{"line":143,"column":33}},"73":{"start":{"line":144,"column":6},"end":{"line":144,"column":29}},"74":{"start":{"line":145,"column":6},"end":{"line":145,"column":30}},"75":{"start":{"line":146,"column":6},"end":{"line":146,"column":29}},"76":{"start":{"line":147,"column":6},"end":{"line":147,"column":30}},"77":{"start":{"line":148,"column":6},"end":{"line":148,"column":118}},"78":{"start":{"line":149,"column":19},"end":{"line":149,"column":63}},"79":{"start":{"line":151,"column":6},"end":{"line":151,"column":56}},"80":{"start":{"line":154,"column":6},"end":{"line":154,"column":25}},"81":{"start":{"line":155,"column":6},"end":{"line":155,"column":41}},"82":{"start":{"line":160,"column":2},"end":{"line":183,"column":5}},"83":{"start":{"line":162,"column":4},"end":{"line":182,"column":5}},"84":{"start":{"line":164,"column":6},"end":{"line":170,"column":7}},"85":{"start":{"line":165,"column":21},"end":{"line":165,"column":72}},"86":{"start":{"line":166,"column":8},"end":{"line":166,"column":36}},"87":{"start":{"line":167,"column":8},"end":{"line":168,"column":37}},"88":{"start":{"line":169,"column":8},"end":{"line":169,"column":58}},"89":{"start":{"line":172,"column":19},"end":{"line":172,"column":33}},"90":{"start":{"line":173,"column":6},"end":{"line":173,"column":29}},"91":{"start":{"line":174,"column":6},"end":{"line":174,"column":34}},"92":{"start":{"line":175,"column":19},"end":{"line":175,"column":75}},"93":{"start":{"line":177,"column":6},"end":{"line":177,"column":56}},"94":{"start":{"line":181,"column":6},"end":{"line":181,"column":41}},"95":{"start":{"line":186,"column":2},"end":{"line":215,"column":5}},"96":{"start":{"line":188,"column":4},"end":{"line":214,"column":5}},"97":{"start":{"line":190,"column":6},"end":{"line":196,"column":7}},"98":{"start":{"line":191,"column":21},"end":{"line":191,"column":72}},"99":{"start":{"line":192,"column":8},"end":{"line":192,"column":29}},"100":{"start":{"line":193,"column":8},"end":{"line":194,"column":37}},"101":{"start":{"line":195,"column":8},"end":{"line":195,"column":58}},"102":{"start":{"line":199,"column":17},"end":{"line":199,"column":40}},"103":{"start":{"line":202,"column":19},"end":{"line":202,"column":33}},"104":{"start":{"line":203,"column":6},"end":{"line":203,"column":29}},"105":{"start":{"line":204,"column":6},"end":{"line":204,"column":30}},"106":{"start":{"line":205,"column":6},"end":{"line":205,"column":27}},"107":{"start":{"line":207,"column":19},"end":{"line":207,"column":78}},"108":{"start":{"line":209,"column":6},"end":{"line":209,"column":56}},"109":{"start":{"line":212,"column":6},"end":{"line":212,"column":25}},"110":{"start":{"line":213,"column":6},"end":{"line":213,"column":41}},"111":{"start":{"line":218,"column":2},"end":{"line":218,"column":27}},"112":{"start":{"line":221,"column":12},"end":{"line":235,"column":1}},"113":{"start":{"line":223,"column":2},"end":{"line":234,"column":3}},"114":{"start":{"line":225,"column":16},"end":{"line":225,"column":25}},"115":{"start":{"line":227,"column":4},"end":{"line":227,"column":26}},"116":{"start":{"line":228,"column":4},"end":{"line":228,"column":21}},"117":{"start":{"line":230,"column":4},"end":{"line":230,"column":15}},"118":{"start":{"line":233,"column":4},"end":{"line":233,"column":14}},"119":{"start":{"line":236,"column":14},"end":{"line":243,"column":1}},"120":{"start":{"line":240,"column":2},"end":{"line":242,"column":5}},"121":{"start":{"line":245,"column":0},"end":{"line":248,"column":1}}},"fnMap":{"0":{"name":"(anonymous_0)","decl":{"start":{"line":12,"column":26},"end":{"line":12,"column":27}},"loc":{"start":{"line":12,"column":35},"end":{"line":14,"column":1}},"line":12},"1":{"name":"(anonymous_1)","decl":{"start":{"line":15,"column":28},"end":{"line":15,"column":29}},"loc":{"start":{"line":15,"column":37},"end":{"line":17,"column":1}},"line":15},"2":{"name":"errorHandler","decl":{"start":{"line":19,"column":9},"end":{"line":19,"column":21}},"loc":{"start":{"line":19,"column":43},"end":{"line":22,"column":1}},"line":19},"3":{"name":"(anonymous_3)","decl":{"start":{"line":27,"column":17},"end":{"line":27,"column":18}},"loc":{"start":{"line":27,"column":34},"end":{"line":44,"column":1}},"line":27},"4":{"name":"(anonymous_4)","decl":{"start":{"line":45,"column":20},"end":{"line":45,"column":21}},"loc":{"start":{"line":45,"column":29},"end":{"line":220,"column":1}},"line":45},"5":{"name":"(anonymous_5)","decl":{"start":{"line":49,"column":15},"end":{"line":49,"column":16}},"loc":{"start":{"line":49,"column":29},"end":{"line":49,"column":55}},"line":49},"6":{"name":"(anonymous_6)","decl":{"start":{"line":51,"column":21},"end":{"line":51,"column":22}},"loc":{"start":{"line":51,"column":47},"end":{"line":56,"column":3}},"line":51},"7":{"name":"(anonymous_7)","decl":{"start":{"line":58,"column":21},"end":{"line":58,"column":22}},"loc":{"start":{"line":58,"column":47},"end":{"line":68,"column":3}},"line":58},"8":{"name":"(anonymous_8)","decl":{"start":{"line":70,"column":28},"end":{"line":70,"column":29}},"loc":{"start":{"line":70,"column":54},"end":{"line":80,"column":3}},"line":70},"9":{"name":"(anonymous_9)","decl":{"start":{"line":81,"column":20},"end":{"line":81,"column":21}},"loc":{"start":{"line":81,"column":46},"end":{"line":83,"column":3}},"line":81},"10":{"name":"(anonymous_10)","decl":{"start":{"line":85,"column":27},"end":{"line":85,"column":28}},"loc":{"start":{"line":85,"column":47},"end":{"line":92,"column":3}},"line":85},"11":{"name":"(anonymous_11)","decl":{"start":{"line":97,"column":19},"end":{"line":97,"column":20}},"loc":{"start":{"line":97,"column":45},"end":{"line":123,"column":3}},"line":97},"12":{"name":"(anonymous_12)","decl":{"start":{"line":126,"column":22},"end":{"line":126,"column":23}},"loc":{"start":{"line":126,"column":48},"end":{"line":157,"column":3}},"line":126},"13":{"name":"(anonymous_13)","decl":{"start":{"line":160,"column":26},"end":{"line":160,"column":27}},"loc":{"start":{"line":160,"column":52},"end":{"line":183,"column":3}},"line":160},"14":{"name":"(anonymous_14)","decl":{"start":{"line":186,"column":19},"end":{"line":186,"column":20}},"loc":{"start":{"line":186,"column":45},"end":{"line":215,"column":3}},"line":186},"15":{"name":"(anonymous_15)","decl":{"start":{"line":221,"column":12},"end":{"line":221,"column":13}},"loc":{"start":{"line":221,"column":24},"end":{"line":235,"column":1}},"line":221},"16":{"name":"(anonymous_16)","decl":{"start":{"line":236,"column":14},"end":{"line":236,"column":15}},"loc":{"start":{"line":236,"column":23},"end":{"line":243,"column":1}},"line":236},"17":{"name":"(anonymous_17)","decl":{"start":{"line":240,"column":30},"end":{"line":240,"column":31}},"loc":{"start":{"line":240,"column":36},"end":{"line":242,"column":3}},"line":240}},"branchMap":{"0":{"loc":{"start":{"line":29,"column":2},"end":{"line":33,"column":3}},"type":"if","locations":[{"start":{"line":29,"column":2},"end":{"line":33,"column":3}},{"start":{"line":29,"column":2},"end":{"line":33,"column":3}}],"line":29},"1":{"loc":{"start":{"line":47,"column":2},"end":{"line":47,"column":61}},"type":"if","locations":[{"start":{"line":47,"column":2},"end":{"line":47,"column":61}},{"start":{"line":47,"column":2},"end":{"line":47,"column":61}}],"line":47},"2":{"loc":{"start":{"line":101,"column":6},"end":{"line":101,"column":66}},"type":"if","locations":[{"start":{"line":101,"column":6},"end":{"line":101,"column":66}},{"start":{"line":101,"column":6},"end":{"line":101,"column":66}}],"line":101},"3":{"loc":{"start":{"line":103,"column":6},"end":{"line":109,"column":7}},"type":"if","locations":[{"start":{"line":103,"column":6},"end":{"line":109,"column":7}},{"start":{"line":103,"column":6},"end":{"line":109,"column":7}}],"line":103},"4":{"loc":{"start":{"line":103,"column":10},"end":{"line":103,"column":81}},"type":"binary-expr","locations":[{"start":{"line":103,"column":10},"end":{"line":103,"column":14}},{"start":{"line":103,"column":18},"end":{"line":103,"column":27}},{"start":{"line":103,"column":31},"end":{"line":103,"column":48}},{"start":{"line":103,"column":52},"end":{"line":103,"column":81}}],"line":103},"5":{"loc":{"start":{"line":130,"column":6},"end":{"line":130,"column":69}},"type":"if","locations":[{"start":{"line":130,"column":6},"end":{"line":130,"column":69}},{"start":{"line":130,"column":6},"end":{"line":130,"column":69}}],"line":130},"6":{"loc":{"start":{"line":133,"column":6},"end":{"line":139,"column":7}},"type":"if","locations":[{"start":{"line":133,"column":6},"end":{"line":139,"column":7}},{"start":{"line":133,"column":6},"end":{"line":139,"column":7}}],"line":133},"7":{"loc":{"start":{"line":133,"column":10},"end":{"line":133,"column":88}},"type":"binary-expr","locations":[{"start":{"line":133,"column":10},"end":{"line":133,"column":20}},{"start":{"line":133,"column":25},"end":{"line":133,"column":59}},{"start":{"line":133,"column":64},"end":{"line":133,"column":88}}],"line":133},"8":{"loc":{"start":{"line":164,"column":6},"end":{"line":170,"column":7}},"type":"if","locations":[{"start":{"line":164,"column":6},"end":{"line":170,"column":7}},{"start":{"line":164,"column":6},"end":{"line":170,"column":7}}],"line":164},"9":{"loc":{"start":{"line":164,"column":10},"end":{"line":164,"column":108}},"type":"binary-expr","locations":[{"start":{"line":164,"column":10},"end":{"line":164,"column":14}},{"start":{"line":164,"column":18},"end":{"line":164,"column":27}},{"start":{"line":164,"column":31},"end":{"line":164,"column":54}},{"start":{"line":164,"column":58},"end":{"line":164,"column":108}}],"line":164},"10":{"loc":{"start":{"line":190,"column":6},"end":{"line":196,"column":7}},"type":"if","locations":[{"start":{"line":190,"column":6},"end":{"line":196,"column":7}},{"start":{"line":190,"column":6},"end":{"line":196,"column":7}}],"line":190},"11":{"loc":{"start":{"line":190,"column":10},"end":{"line":190,"column":88}},"type":"binary-expr","locations":[{"start":{"line":190,"column":10},"end":{"line":190,"column":20}},{"start":{"line":190,"column":25},"end":{"line":190,"column":59}},{"start":{"line":190,"column":64},"end":{"line":190,"column":88}}],"line":190}},"s":{"0":2,"1":2,"2":2,"3":2,"4":2,"5":2,"6":12,"7":2,"8":12,"9":0,"10":0,"11":2,"12":12,"13":5,"14":7,"15":12,"16":12,"17":12,"18":12,"19":12,"20":2,"21":12,"22":12,"23":12,"24":1,"25":12,"26":1,"27":1,"28":1,"29":1,"30":12,"31":1,"32":1,"33":1,"34":1,"35":12,"36":1,"37":1,"38":1,"39":1,"40":12,"41":1,"42":12,"43":1,"44":1,"45":0,"46":12,"47":1,"48":1,"49":0,"50":1,"51":0,"52":0,"53":0,"54":0,"55":1,"56":1,"57":1,"58":1,"59":1,"60":1,"61":0,"62":12,"63":1,"64":1,"65":0,"66":1,"67":1,"68":0,"69":0,"70":0,"71":1,"72":1,"73":1,"74":1,"75":1,"76":1,"77":1,"78":1,"79":1,"80":0,"81":0,"82":12,"83":2,"84":2,"85":1,"86":1,"87":1,"88":1,"89":1,"90":1,"91":1,"92":1,"93":1,"94":0,"95":12,"96":1,"97":1,"98":0,"99":0,"100":0,"101":0,"102":1,"103":1,"104":1,"105":1,"106":1,"107":1,"108":1,"109":0,"110":0,"111":12,"112":2,"113":12,"114":12,"115":12,"116":12,"117":12,"118":0,"119":2,"120":0,"121":2},"f":{"0":12,"1":12,"2":0,"3":12,"4":12,"5":1,"6":1,"7":1,"8":1,"9":1,"10":1,"11":1,"12":1,"13":2,"14":1,"15":12,"16":0,"17":0},"b":{"0":[5,7],"1":[12,0],"2":[0,1],"3":[0,1],"4":[1,1,1,1],"5":[0,1],"6":[0,1],"7":[1,1,1],"8":[1,1],"9":[2,2,2,2],"10":[0,1],"11":[1,1,1]},"_coverageSchema":"43e27e138ebf9cfc5966b082cf9a028302ed4184","hash":"528da0d707c1caa624a57d6470a186fcd282d02b"}
,"C:\\Users\\diberry\\repos\\dina\\utterance-manager\\apiServer\\src\\text.js": {"path":"C:\\Users\\diberry\\repos\\dina\\utterance-manager\\apiServer\\src\\text.js","statementMap":{"0":{"start":{"line":1,"column":11},"end":{"line":1,"column":33}},"1":{"start":{"line":2,"column":15},"end":{"line":2,"column":41}},"2":{"start":{"line":3,"column":11},"end":{"line":3,"column":29}},"3":{"start":{"line":4,"column":13},"end":{"line":4,"column":34}},"4":{"start":{"line":6,"column":12},"end":{"line":6,"column":31}},"5":{"start":{"line":8,"column":20},"end":{"line":11,"column":1}},"6":{"start":{"line":10,"column":4},"end":{"line":10,"column":34}},"7":{"start":{"line":12,"column":28},"end":{"line":33,"column":1}},"8":{"start":{"line":14,"column":4},"end":{"line":31,"column":5}},"9":{"start":{"line":15,"column":25},"end":{"line":15,"column":74}},"10":{"start":{"line":17,"column":8},"end":{"line":17,"column":34}},"11":{"start":{"line":19,"column":23},"end":{"line":19,"column":61}},"12":{"start":{"line":20,"column":8},"end":{"line":25,"column":9}},"13":{"start":{"line":21,"column":12},"end":{"line":24,"column":13}},"14":{"start":{"line":27,"column":8},"end":{"line":27,"column":24}},"15":{"start":{"line":30,"column":8},"end":{"line":30,"column":18}},"16":{"start":{"line":35,"column":14},"end":{"line":37,"column":1}},"17":{"start":{"line":36,"column":4},"end":{"line":36,"column":24}},"18":{"start":{"line":38,"column":37},"end":{"line":40,"column":1}},"19":{"start":{"line":39,"column":23},"end":{"line":39,"column":43}},"20":{"start":{"line":49,"column":18},"end":{"line":103,"column":1}},"21":{"start":{"line":51,"column":4},"end":{"line":102,"column":5}},"22":{"start":{"line":53,"column":8},"end":{"line":53,"column":30}},"23":{"start":{"line":53,"column":20},"end":{"line":53,"column":30}},"24":{"start":{"line":56,"column":26},"end":{"line":56,"column":52}},"25":{"start":{"line":59,"column":29},"end":{"line":59,"column":31}},"26":{"start":{"line":60,"column":8},"end":{"line":62,"column":9}},"27":{"start":{"line":60,"column":21},"end":{"line":60,"column":22}},"28":{"start":{"line":61,"column":12},"end":{"line":61,"column":60}},"29":{"start":{"line":65,"column":20},"end":{"line":65,"column":22}},"30":{"start":{"line":66,"column":25},"end":{"line":66,"column":27}},"31":{"start":{"line":67,"column":8},"end":{"line":73,"column":9}},"32":{"start":{"line":67,"column":21},"end":{"line":67,"column":22}},"33":{"start":{"line":68,"column":12},"end":{"line":72,"column":13}},"34":{"start":{"line":68,"column":44},"end":{"line":68,"column":67}},"35":{"start":{"line":70,"column":16},"end":{"line":70,"column":49}},"36":{"start":{"line":71,"column":16},"end":{"line":71,"column":50}},"37":{"start":{"line":76,"column":8},"end":{"line":76,"column":36}},"38":{"start":{"line":79,"column":29},"end":{"line":79,"column":31}},"39":{"start":{"line":80,"column":8},"end":{"line":98,"column":9}},"40":{"start":{"line":80,"column":21},"end":{"line":80,"column":22}},"41":{"start":{"line":81,"column":22},"end":{"line":81,"column":24}},"42":{"start":{"line":82,"column":12},"end":{"line":96,"column":13}},"43":{"start":{"line":82,"column":25},"end":{"line":82,"column":26}},"44":{"start":{"line":84,"column":16},"end":{"line":95,"column":17}},"45":{"start":{"line":85,"column":20},"end":{"line":94,"column":21}},"46":{"start":{"line":87,"column":24},"end":{"line":87,"column":65}},"47":{"start":{"line":88,"column":27},"end":{"line":94,"column":21}},"48":{"start":{"line":90,"column":24},"end":{"line":90,"column":78}},"49":{"start":{"line":93,"column":24},"end":{"line":93,"column":61}},"50":{"start":{"line":97,"column":12},"end":{"line":97,"column":37}},"51":{"start":{"line":99,"column":8},"end":{"line":99,"column":30}},"52":{"start":{"line":101,"column":8},"end":{"line":101,"column":18}},"53":{"start":{"line":110,"column":21},"end":{"line":146,"column":1}},"54":{"start":{"line":112,"column":4},"end":{"line":112,"column":88}},"55":{"start":{"line":112,"column":78},"end":{"line":112,"column":88}},"56":{"start":{"line":114,"column":4},"end":{"line":143,"column":7}},"57":{"start":{"line":116,"column":8},"end":{"line":142,"column":9}},"58":{"start":{"line":118,"column":31},"end":{"line":118,"column":52}},"59":{"start":{"line":121,"column":12},"end":{"line":128,"column":13}},"60":{"start":{"line":123,"column":29},"end":{"line":123,"column":49}},"61":{"start":{"line":124,"column":16},"end":{"line":124,"column":63}},"62":{"start":{"line":131,"column":32},"end":{"line":131,"column":62}},"63":{"start":{"line":134,"column":12},"end":{"line":134,"column":77}},"64":{"start":{"line":137,"column":29},"end":{"line":137,"column":53}},"65":{"start":{"line":138,"column":12},"end":{"line":138,"column":97}},"66":{"start":{"line":138,"column":44},"end":{"line":138,"column":97}},"67":{"start":{"line":140,"column":12},"end":{"line":140,"column":63}},"68":{"start":{"line":145,"column":4},"end":{"line":145,"column":20}},"69":{"start":{"line":147,"column":22},"end":{"line":158,"column":1}},"70":{"start":{"line":149,"column":4},"end":{"line":156,"column":5}},"71":{"start":{"line":151,"column":8},"end":{"line":154,"column":10}},"72":{"start":{"line":153,"column":12},"end":{"line":153,"column":55}},"73":{"start":{"line":157,"column":4},"end":{"line":157,"column":18}},"74":{"start":{"line":159,"column":36},"end":{"line":190,"column":1}},"75":{"start":{"line":160,"column":4},"end":{"line":189,"column":5}},"76":{"start":{"line":161,"column":21},"end":{"line":161,"column":49}},"77":{"start":{"line":162,"column":8},"end":{"line":162,"column":28}},"78":{"start":{"line":164,"column":30},"end":{"line":164,"column":32}},"79":{"start":{"line":166,"column":24},"end":{"line":166,"column":49}},"80":{"start":{"line":168,"column":8},"end":{"line":176,"column":9}},"81":{"start":{"line":171,"column":12},"end":{"line":175,"column":13}},"82":{"start":{"line":172,"column":16},"end":{"line":172,"column":40}},"83":{"start":{"line":173,"column":33},"end":{"line":173,"column":62}},"84":{"start":{"line":174,"column":16},"end":{"line":174,"column":66}},"85":{"start":{"line":178,"column":22},"end":{"line":178,"column":56}},"86":{"start":{"line":179,"column":8},"end":{"line":179,"column":33}},"87":{"start":{"line":180,"column":8},"end":{"line":180,"column":32}},"88":{"start":{"line":181,"column":8},"end":{"line":181,"column":22}},"89":{"start":{"line":184,"column":8},"end":{"line":188,"column":10}},"90":{"start":{"line":191,"column":39},"end":{"line":244,"column":1}},"91":{"start":{"line":192,"column":4},"end":{"line":243,"column":5}},"92":{"start":{"line":193,"column":17},"end":{"line":193,"column":45}},"93":{"start":{"line":194,"column":4},"end":{"line":194,"column":24}},"94":{"start":{"line":196,"column":21},"end":{"line":196,"column":23}},"95":{"start":{"line":198,"column":4},"end":{"line":198,"column":94}},"96":{"start":{"line":199,"column":18},"end":{"line":199,"column":45}},"97":{"start":{"line":200,"column":25},"end":{"line":205,"column":7}},"98":{"start":{"line":206,"column":34},"end":{"line":206,"column":39}},"99":{"start":{"line":207,"column":35},"end":{"line":207,"column":39}},"100":{"start":{"line":210,"column":30},"end":{"line":210,"column":118}},"101":{"start":{"line":213,"column":31},"end":{"line":215,"column":8}},"102":{"start":{"line":214,"column":8},"end":{"line":214,"column":35}},"103":{"start":{"line":216,"column":6},"end":{"line":216,"column":42}},"104":{"start":{"line":217,"column":6},"end":{"line":217,"column":48}},"105":{"start":{"line":219,"column":28},"end":{"line":219,"column":30}},"106":{"start":{"line":221,"column":6},"end":{"line":229,"column":7}},"107":{"start":{"line":223,"column":8},"end":{"line":228,"column":9}},"108":{"start":{"line":224,"column":12},"end":{"line":224,"column":36}},"109":{"start":{"line":225,"column":29},"end":{"line":225,"column":58}},"110":{"start":{"line":226,"column":12},"end":{"line":226,"column":62}},"111":{"start":{"line":231,"column":20},"end":{"line":231,"column":54}},"112":{"start":{"line":232,"column":6},"end":{"line":232,"column":31}},"113":{"start":{"line":233,"column":6},"end":{"line":233,"column":30}},"114":{"start":{"line":234,"column":6},"end":{"line":234,"column":20}},"115":{"start":{"line":237,"column":8},"end":{"line":237,"column":27}},"116":{"start":{"line":238,"column":8},"end":{"line":242,"column":10}},"117":{"start":{"line":245,"column":24},"end":{"line":286,"column":1}},"118":{"start":{"line":246,"column":4},"end":{"line":284,"column":5}},"119":{"start":{"line":248,"column":8},"end":{"line":253,"column":9}},"120":{"start":{"line":249,"column":12},"end":{"line":252,"column":14}},"121":{"start":{"line":255,"column":8},"end":{"line":257,"column":9}},"122":{"start":{"line":256,"column":12},"end":{"line":256,"column":57}},"123":{"start":{"line":259,"column":22},"end":{"line":268,"column":11}},"124":{"start":{"line":270,"column":28},"end":{"line":270,"column":54}},"125":{"start":{"line":271,"column":8},"end":{"line":271,"column":50}},"126":{"start":{"line":272,"column":8},"end":{"line":272,"column":39}},"127":{"start":{"line":273,"column":8},"end":{"line":273,"column":124}},"128":{"start":{"line":275,"column":8},"end":{"line":275,"column":52}},"129":{"start":{"line":278,"column":8},"end":{"line":278,"column":25}},"130":{"start":{"line":279,"column":8},"end":{"line":283,"column":10}},"131":{"start":{"line":287,"column":29},"end":{"line":294,"column":1}},"132":{"start":{"line":288,"column":2},"end":{"line":293,"column":6}},"133":{"start":{"line":296,"column":0},"end":{"line":305,"column":2}}},"fnMap":{"0":{"name":"(anonymous_0)","decl":{"start":{"line":8,"column":20},"end":{"line":8,"column":21}},"loc":{"start":{"line":8,"column":39},"end":{"line":11,"column":1}},"line":8},"1":{"name":"(anonymous_1)","decl":{"start":{"line":12,"column":28},"end":{"line":12,"column":29}},"loc":{"start":{"line":12,"column":57},"end":{"line":33,"column":1}},"line":12},"2":{"name":"(anonymous_2)","decl":{"start":{"line":35,"column":14},"end":{"line":35,"column":15}},"loc":{"start":{"line":35,"column":30},"end":{"line":37,"column":1}},"line":35},"3":{"name":"(anonymous_3)","decl":{"start":{"line":38,"column":37},"end":{"line":38,"column":38}},"loc":{"start":{"line":38,"column":50},"end":{"line":40,"column":1}},"line":38},"4":{"name":"(anonymous_4)","decl":{"start":{"line":49,"column":18},"end":{"line":49,"column":19}},"loc":{"start":{"line":49,"column":29},"end":{"line":103,"column":1}},"line":49},"5":{"name":"(anonymous_5)","decl":{"start":{"line":110,"column":21},"end":{"line":110,"column":22}},"loc":{"start":{"line":110,"column":101},"end":{"line":146,"column":1}},"line":110},"6":{"name":"(anonymous_6)","decl":{"start":{"line":114,"column":21},"end":{"line":114,"column":22}},"loc":{"start":{"line":114,"column":37},"end":{"line":143,"column":5}},"line":114},"7":{"name":"(anonymous_7)","decl":{"start":{"line":147,"column":22},"end":{"line":147,"column":23}},"loc":{"start":{"line":147,"column":52},"end":{"line":158,"column":1}},"line":147},"8":{"name":"(anonymous_8)","decl":{"start":{"line":151,"column":34},"end":{"line":151,"column":35}},"loc":{"start":{"line":151,"column":65},"end":{"line":154,"column":9}},"line":151},"9":{"name":"(anonymous_9)","decl":{"start":{"line":159,"column":36},"end":{"line":159,"column":37}},"loc":{"start":{"line":159,"column":52},"end":{"line":190,"column":1}},"line":159},"10":{"name":"(anonymous_10)","decl":{"start":{"line":191,"column":39},"end":{"line":191,"column":40}},"loc":{"start":{"line":191,"column":55},"end":{"line":244,"column":1}},"line":191},"11":{"name":"(anonymous_11)","decl":{"start":{"line":213,"column":53},"end":{"line":213,"column":54}},"loc":{"start":{"line":213,"column":61},"end":{"line":215,"column":7}},"line":213},"12":{"name":"(anonymous_12)","decl":{"start":{"line":245,"column":24},"end":{"line":245,"column":25}},"loc":{"start":{"line":245,"column":41},"end":{"line":286,"column":1}},"line":245},"13":{"name":"(anonymous_13)","decl":{"start":{"line":287,"column":29},"end":{"line":287,"column":30}},"loc":{"start":{"line":287,"column":39},"end":{"line":294,"column":1}},"line":287}},"branchMap":{"0":{"loc":{"start":{"line":20,"column":8},"end":{"line":25,"column":9}},"type":"if","locations":[{"start":{"line":20,"column":8},"end":{"line":25,"column":9}},{"start":{"line":20,"column":8},"end":{"line":25,"column":9}}],"line":20},"1":{"loc":{"start":{"line":20,"column":12},"end":{"line":20,"column":46}},"type":"binary-expr","locations":[{"start":{"line":20,"column":12},"end":{"line":20,"column":21}},{"start":{"line":20,"column":25},"end":{"line":20,"column":46}}],"line":20},"2":{"loc":{"start":{"line":53,"column":8},"end":{"line":53,"column":30}},"type":"if","locations":[{"start":{"line":53,"column":8},"end":{"line":53,"column":30}},{"start":{"line":53,"column":8},"end":{"line":53,"column":30}}],"line":53},"3":{"loc":{"start":{"line":68,"column":12},"end":{"line":72,"column":13}},"type":"if","locations":[{"start":{"line":68,"column":12},"end":{"line":72,"column":13}},{"start":{"line":68,"column":12},"end":{"line":72,"column":13}}],"line":68},"4":{"loc":{"start":{"line":84,"column":16},"end":{"line":95,"column":17}},"type":"if","locations":[{"start":{"line":84,"column":16},"end":{"line":95,"column":17}},{"start":{"line":84,"column":16},"end":{"line":95,"column":17}}],"line":84},"5":{"loc":{"start":{"line":85,"column":20},"end":{"line":94,"column":21}},"type":"if","locations":[{"start":{"line":85,"column":20},"end":{"line":94,"column":21}},{"start":{"line":85,"column":20},"end":{"line":94,"column":21}}],"line":85},"6":{"loc":{"start":{"line":88,"column":27},"end":{"line":94,"column":21}},"type":"if","locations":[{"start":{"line":88,"column":27},"end":{"line":94,"column":21}},{"start":{"line":88,"column":27},"end":{"line":94,"column":21}}],"line":88},"7":{"loc":{"start":{"line":112,"column":4},"end":{"line":112,"column":88}},"type":"if","locations":[{"start":{"line":112,"column":4},"end":{"line":112,"column":88}},{"start":{"line":112,"column":4},"end":{"line":112,"column":88}}],"line":112},"8":{"loc":{"start":{"line":112,"column":8},"end":{"line":112,"column":76}},"type":"binary-expr","locations":[{"start":{"line":112,"column":8},"end":{"line":112,"column":17}},{"start":{"line":112,"column":22},"end":{"line":112,"column":50}},{"start":{"line":112,"column":56},"end":{"line":112,"column":75}}],"line":112},"9":{"loc":{"start":{"line":116,"column":8},"end":{"line":142,"column":9}},"type":"if","locations":[{"start":{"line":116,"column":8},"end":{"line":142,"column":9}},{"start":{"line":116,"column":8},"end":{"line":142,"column":9}}],"line":116},"10":{"loc":{"start":{"line":116,"column":11},"end":{"line":116,"column":38}},"type":"binary-expr","locations":[{"start":{"line":116,"column":11},"end":{"line":116,"column":13}},{"start":{"line":116,"column":17},"end":{"line":116,"column":38}}],"line":116},"11":{"loc":{"start":{"line":121,"column":12},"end":{"line":128,"column":13}},"type":"if","locations":[{"start":{"line":121,"column":12},"end":{"line":128,"column":13}},{"start":{"line":121,"column":12},"end":{"line":128,"column":13}}],"line":121},"12":{"loc":{"start":{"line":138,"column":12},"end":{"line":138,"column":97}},"type":"if","locations":[{"start":{"line":138,"column":12},"end":{"line":138,"column":97}},{"start":{"line":138,"column":12},"end":{"line":138,"column":97}}],"line":138},"13":{"loc":{"start":{"line":149,"column":4},"end":{"line":156,"column":5}},"type":"if","locations":[{"start":{"line":149,"column":4},"end":{"line":156,"column":5}},{"start":{"line":149,"column":4},"end":{"line":156,"column":5}}],"line":149},"14":{"loc":{"start":{"line":149,"column":7},"end":{"line":149,"column":54}},"type":"binary-expr","locations":[{"start":{"line":149,"column":7},"end":{"line":149,"column":24}},{"start":{"line":149,"column":28},"end":{"line":149,"column":54}}],"line":149},"15":{"loc":{"start":{"line":171,"column":12},"end":{"line":175,"column":13}},"type":"if","locations":[{"start":{"line":171,"column":12},"end":{"line":175,"column":13}},{"start":{"line":171,"column":12},"end":{"line":175,"column":13}}],"line":171},"16":{"loc":{"start":{"line":223,"column":8},"end":{"line":228,"column":9}},"type":"if","locations":[{"start":{"line":223,"column":8},"end":{"line":228,"column":9}},{"start":{"line":223,"column":8},"end":{"line":228,"column":9}}],"line":223},"17":{"loc":{"start":{"line":248,"column":8},"end":{"line":253,"column":9}},"type":"if","locations":[{"start":{"line":248,"column":8},"end":{"line":253,"column":9}},{"start":{"line":248,"column":8},"end":{"line":253,"column":9}}],"line":248},"18":{"loc":{"start":{"line":248,"column":11},"end":{"line":248,"column":64}},"type":"binary-expr","locations":[{"start":{"line":248,"column":12},"end":{"line":248,"column":19}},{"start":{"line":248,"column":25},"end":{"line":248,"column":42}},{"start":{"line":248,"column":46},"end":{"line":248,"column":63}}],"line":248},"19":{"loc":{"start":{"line":255,"column":8},"end":{"line":257,"column":9}},"type":"if","locations":[{"start":{"line":255,"column":8},"end":{"line":257,"column":9}},{"start":{"line":255,"column":8},"end":{"line":257,"column":9}}],"line":255},"20":{"loc":{"start":{"line":255,"column":11},"end":{"line":255,"column":86}},"type":"binary-expr","locations":[{"start":{"line":255,"column":12},"end":{"line":255,"column":44}},{"start":{"line":255,"column":50},"end":{"line":255,"column":85}}],"line":255}},"s":{"0":3,"1":3,"2":3,"3":3,"4":3,"5":3,"6":84,"7":3,"8":2,"9":2,"10":2,"11":2,"12":2,"13":0,"14":2,"15":0,"16":3,"17":0,"18":3,"19":0,"20":3,"21":2,"22":2,"23":0,"24":2,"25":2,"26":2,"27":2,"28":160,"29":2,"30":2,"31":2,"32":2,"33":16,"34":0,"35":16,"36":16,"37":2,"38":2,"39":2,"40":2,"41":158,"42":158,"43":158,"44":1264,"45":1106,"46":0,"47":1106,"48":0,"49":1106,"50":158,"51":2,"52":0,"53":3,"54":2,"55":0,"56":2,"57":158,"58":158,"59":158,"60":158,"61":158,"62":158,"63":158,"64":158,"65":158,"66":158,"67":158,"68":2,"69":3,"70":158,"71":158,"72":158,"73":158,"74":3,"75":1,"76":1,"77":1,"78":1,"79":1,"80":1,"81":3,"82":3,"83":3,"84":3,"85":1,"86":1,"87":1,"88":1,"89":0,"90":3,"91":1,"92":1,"93":1,"94":1,"95":1,"96":1,"97":1,"98":1,"99":1,"100":1,"101":1,"102":79,"103":1,"104":1,"105":1,"106":1,"107":79,"108":79,"109":79,"110":79,"111":1,"112":1,"113":1,"114":1,"115":0,"116":0,"117":3,"118":84,"119":84,"120":0,"121":84,"122":83,"123":84,"124":84,"125":84,"126":84,"127":84,"128":84,"129":0,"130":0,"131":3,"132":90,"133":3},"f":{"0":84,"1":2,"2":0,"3":0,"4":2,"5":2,"6":158,"7":158,"8":158,"9":1,"10":1,"11":79,"12":84,"13":90},"b":{"0":[0,2],"1":[2,2],"2":[0,2],"3":[0,16],"4":[1106,158],"5":[0,1106],"6":[0,1106],"7":[0,2],"8":[2,2,2],"9":[158,0],"10":[158,158],"11":[158,0],"12":[158,0],"13":[158,0],"14":[158,158],"15":[3,0],"16":[79,0],"17":[0,84],"18":[84,0,0],"19":[83,1],"20":[84,1]},"_coverageSchema":"43e27e138ebf9cfc5966b082cf9a028302ed4184","hash":"ae5cefedc54c8622bce88cc5cacd858fde051a2f"}
,"C:\\Users\\diberry\\repos\\dina\\utterance-manager\\apiServer\\src\\tts.js": {"path":"C:\\Users\\diberry\\repos\\dina\\utterance-manager\\apiServer\\src\\tts.js","statementMap":{"0":{"start":{"line":1,"column":11},"end":{"line":1,"column":37}},"1":{"start":{"line":2,"column":11},"end":{"line":2,"column":24}},"2":{"start":{"line":5,"column":23},"end":{"line":19,"column":1}},"3":{"start":{"line":6,"column":4},"end":{"line":17,"column":5}},"4":{"start":{"line":7,"column":22},"end":{"line":13,"column":9}},"5":{"start":{"line":14,"column":8},"end":{"line":14,"column":27}},"6":{"start":{"line":16,"column":8},"end":{"line":16,"column":18}},"7":{"start":{"line":21,"column":17},"end":{"line":50,"column":1}},"8":{"start":{"line":23,"column":23},"end":{"line":27,"column":5}},"9":{"start":{"line":30,"column":4},"end":{"line":30,"column":51}},"10":{"start":{"line":30,"column":31},"end":{"line":30,"column":51}},"11":{"start":{"line":33,"column":4},"end":{"line":49,"column":5}},"12":{"start":{"line":36,"column":12},"end":{"line":40,"column":14}},"13":{"start":{"line":42,"column":12},"end":{"line":46,"column":15}},"14":{"start":{"line":55,"column":21},"end":{"line":90,"column":1}},"15":{"start":{"line":57,"column":4},"end":{"line":89,"column":5}},"16":{"start":{"line":59,"column":28},"end":{"line":59,"column":43}},"17":{"start":{"line":62,"column":19},"end":{"line":62,"column":262}},"18":{"start":{"line":64,"column":22},"end":{"line":76,"column":9}},"19":{"start":{"line":79,"column":22},"end":{"line":84,"column":10}},"20":{"start":{"line":81,"column":12},"end":{"line":83,"column":13}},"21":{"start":{"line":82,"column":16},"end":{"line":82,"column":68}},"22":{"start":{"line":85,"column":8},"end":{"line":85,"column":23}},"23":{"start":{"line":88,"column":8},"end":{"line":88,"column":19}},"24":{"start":{"line":95,"column":12},"end":{"line":166,"column":1}},"25":{"start":{"line":97,"column":17},"end":{"line":97,"column":19}},"26":{"start":{"line":98,"column":4},"end":{"line":98,"column":31}},"27":{"start":{"line":99,"column":4},"end":{"line":99,"column":29}},"28":{"start":{"line":100,"column":4},"end":{"line":100,"column":22}},"29":{"start":{"line":101,"column":4},"end":{"line":101,"column":23}},"30":{"start":{"line":103,"column":4},"end":{"line":136,"column":5}},"31":{"start":{"line":104,"column":8},"end":{"line":104,"column":47}},"32":{"start":{"line":106,"column":8},"end":{"line":108,"column":9}},"33":{"start":{"line":107,"column":12},"end":{"line":107,"column":55}},"34":{"start":{"line":110,"column":8},"end":{"line":112,"column":9}},"35":{"start":{"line":111,"column":12},"end":{"line":111,"column":58}},"36":{"start":{"line":114,"column":8},"end":{"line":116,"column":9}},"37":{"start":{"line":115,"column":12},"end":{"line":115,"column":54}},"38":{"start":{"line":118,"column":8},"end":{"line":120,"column":9}},"39":{"start":{"line":119,"column":12},"end":{"line":119,"column":65}},"40":{"start":{"line":122,"column":8},"end":{"line":132,"column":9}},"41":{"start":{"line":123,"column":12},"end":{"line":123,"column":56}},"42":{"start":{"line":125,"column":12},"end":{"line":131,"column":13}},"43":{"start":{"line":126,"column":16},"end":{"line":126,"column":43}},"44":{"start":{"line":127,"column":19},"end":{"line":131,"column":13}},"45":{"start":{"line":128,"column":16},"end":{"line":128,"column":44}},"46":{"start":{"line":134,"column":8},"end":{"line":134,"column":80}},"47":{"start":{"line":138,"column":4},"end":{"line":140,"column":5}},"48":{"start":{"line":139,"column":8},"end":{"line":139,"column":46}},"49":{"start":{"line":142,"column":4},"end":{"line":144,"column":5}},"50":{"start":{"line":143,"column":8},"end":{"line":143,"column":60}},"51":{"start":{"line":146,"column":4},"end":{"line":149,"column":5}},"52":{"start":{"line":147,"column":8},"end":{"line":147,"column":39}},"53":{"start":{"line":148,"column":8},"end":{"line":148,"column":22}},"54":{"start":{"line":151,"column":4},"end":{"line":165,"column":5}},"55":{"start":{"line":153,"column":8},"end":{"line":153,"column":94}},"56":{"start":{"line":156,"column":8},"end":{"line":156,"column":166}},"57":{"start":{"line":158,"column":8},"end":{"line":158,"column":38}},"58":{"start":{"line":159,"column":8},"end":{"line":159,"column":50}},"59":{"start":{"line":162,"column":8},"end":{"line":162,"column":46}},"60":{"start":{"line":164,"column":8},"end":{"line":164,"column":22}},"61":{"start":{"line":168,"column":0},"end":{"line":170,"column":2}}},"fnMap":{"0":{"name":"(anonymous_0)","decl":{"start":{"line":5,"column":23},"end":{"line":5,"column":24}},"loc":{"start":{"line":5,"column":58},"end":{"line":19,"column":1}},"line":5},"1":{"name":"(anonymous_1)","decl":{"start":{"line":21,"column":17},"end":{"line":21,"column":18}},"loc":{"start":{"line":21,"column":28},"end":{"line":50,"column":1}},"line":21},"2":{"name":"(anonymous_2)","decl":{"start":{"line":55,"column":21},"end":{"line":55,"column":22}},"loc":{"start":{"line":55,"column":83},"end":{"line":90,"column":1}},"line":55},"3":{"name":"(anonymous_3)","decl":{"start":{"line":80,"column":24},"end":{"line":80,"column":25}},"loc":{"start":{"line":80,"column":38},"end":{"line":84,"column":9}},"line":80},"4":{"name":"(anonymous_4)","decl":{"start":{"line":95,"column":12},"end":{"line":95,"column":13}},"loc":{"start":{"line":95,"column":36},"end":{"line":166,"column":1}},"line":95}},"branchMap":{"0":{"loc":{"start":{"line":30,"column":4},"end":{"line":30,"column":51}},"type":"if","locations":[{"start":{"line":30,"column":4},"end":{"line":30,"column":51}},{"start":{"line":30,"column":4},"end":{"line":30,"column":51}}],"line":30},"1":{"loc":{"start":{"line":30,"column":8},"end":{"line":30,"column":29}},"type":"binary-expr","locations":[{"start":{"line":30,"column":8},"end":{"line":30,"column":14}},{"start":{"line":30,"column":18},"end":{"line":30,"column":29}}],"line":30},"2":{"loc":{"start":{"line":33,"column":4},"end":{"line":49,"column":5}},"type":"switch","locations":[{"start":{"line":35,"column":8},"end":{"line":40,"column":14}},{"start":{"line":41,"column":8},"end":{"line":46,"column":15}}],"line":33},"3":{"loc":{"start":{"line":81,"column":12},"end":{"line":83,"column":13}},"type":"if","locations":[{"start":{"line":81,"column":12},"end":{"line":83,"column":13}},{"start":{"line":81,"column":12},"end":{"line":83,"column":13}}],"line":81},"4":{"loc":{"start":{"line":103,"column":4},"end":{"line":136,"column":5}},"type":"if","locations":[{"start":{"line":103,"column":4},"end":{"line":136,"column":5}},{"start":{"line":103,"column":4},"end":{"line":136,"column":5}}],"line":103},"5":{"loc":{"start":{"line":106,"column":8},"end":{"line":108,"column":9}},"type":"if","locations":[{"start":{"line":106,"column":8},"end":{"line":108,"column":9}},{"start":{"line":106,"column":8},"end":{"line":108,"column":9}}],"line":106},"6":{"loc":{"start":{"line":110,"column":8},"end":{"line":112,"column":9}},"type":"if","locations":[{"start":{"line":110,"column":8},"end":{"line":112,"column":9}},{"start":{"line":110,"column":8},"end":{"line":112,"column":9}}],"line":110},"7":{"loc":{"start":{"line":114,"column":8},"end":{"line":116,"column":9}},"type":"if","locations":[{"start":{"line":114,"column":8},"end":{"line":116,"column":9}},{"start":{"line":114,"column":8},"end":{"line":116,"column":9}}],"line":114},"8":{"loc":{"start":{"line":118,"column":8},"end":{"line":120,"column":9}},"type":"if","locations":[{"start":{"line":118,"column":8},"end":{"line":120,"column":9}},{"start":{"line":118,"column":8},"end":{"line":120,"column":9}}],"line":118},"9":{"loc":{"start":{"line":122,"column":8},"end":{"line":132,"column":9}},"type":"if","locations":[{"start":{"line":122,"column":8},"end":{"line":132,"column":9}},{"start":{"line":122,"column":8},"end":{"line":132,"column":9}}],"line":122},"10":{"loc":{"start":{"line":125,"column":12},"end":{"line":131,"column":13}},"type":"if","locations":[{"start":{"line":125,"column":12},"end":{"line":131,"column":13}},{"start":{"line":125,"column":12},"end":{"line":131,"column":13}}],"line":125},"11":{"loc":{"start":{"line":125,"column":16},"end":{"line":125,"column":114}},"type":"binary-expr","locations":[{"start":{"line":125,"column":17},"end":{"line":125,"column":53}},{"start":{"line":125,"column":59},"end":{"line":125,"column":113}}],"line":125},"12":{"loc":{"start":{"line":127,"column":19},"end":{"line":131,"column":13}},"type":"if","locations":[{"start":{"line":127,"column":19},"end":{"line":131,"column":13}},{"start":{"line":127,"column":19},"end":{"line":131,"column":13}}],"line":127},"13":{"loc":{"start":{"line":127,"column":23},"end":{"line":127,"column":123}},"type":"binary-expr","locations":[{"start":{"line":127,"column":24},"end":{"line":127,"column":61}},{"start":{"line":127,"column":67},"end":{"line":127,"column":122}}],"line":127},"14":{"loc":{"start":{"line":138,"column":4},"end":{"line":140,"column":5}},"type":"if","locations":[{"start":{"line":138,"column":4},"end":{"line":140,"column":5}},{"start":{"line":138,"column":4},"end":{"line":140,"column":5}}],"line":138},"15":{"loc":{"start":{"line":142,"column":4},"end":{"line":144,"column":5}},"type":"if","locations":[{"start":{"line":142,"column":4},"end":{"line":144,"column":5}},{"start":{"line":142,"column":4},"end":{"line":144,"column":5}}],"line":142},"16":{"loc":{"start":{"line":146,"column":4},"end":{"line":149,"column":5}},"type":"if","locations":[{"start":{"line":146,"column":4},"end":{"line":149,"column":5}},{"start":{"line":146,"column":4},"end":{"line":149,"column":5}}],"line":146}},"s":{"0":3,"1":3,"2":3,"3":77,"4":77,"5":77,"6":0,"7":3,"8":76,"9":76,"10":76,"11":0,"12":0,"13":0,"14":3,"15":76,"16":76,"17":76,"18":76,"19":76,"20":76,"21":53,"22":76,"23":0,"24":3,"25":84,"26":84,"27":84,"28":84,"29":84,"30":84,"31":0,"32":84,"33":0,"34":84,"35":0,"36":84,"37":0,"38":84,"39":0,"40":84,"41":0,"42":84,"43":0,"44":84,"45":84,"46":84,"47":84,"48":0,"49":84,"50":7,"51":84,"52":7,"53":7,"54":77,"55":77,"56":76,"57":53,"58":53,"59":24,"60":77,"61":3},"f":{"0":77,"1":76,"2":76,"3":76,"4":84},"b":{"0":[76,0],"1":[76,0],"2":[0,0],"3":[53,23],"4":[0,84],"5":[0,84],"6":[0,84],"7":[0,84],"8":[0,84],"9":[0,84],"10":[0,84],"11":[84,0],"12":[84,0],"13":[84,84],"14":[0,84],"15":[7,77],"16":[7,77]},"_coverageSchema":"43e27e138ebf9cfc5966b082cf9a028302ed4184","hash":"81abbea5b107c6521efe05a5d080c89e7336c004"}
}
