TN:
SF:C:\Users\diberry\repos\dina\utterance-manager\apiServer\src\config.js
FN:4,(anonymous_0)
FN:35,(anonymous_1)
FN:57,(anonymous_2)
FN:88,(anonymous_3)
FN:109,(anonymous_4)
FNF:5
FNH:5
FNDA:5,(anonymous_0)
FNDA:5,(anonymous_1)
FNDA:7,(anonymous_2)
FNDA:6,(anonymous_3)
FNDA:12,(anonymous_4)
DA:1,2
DA:2,2
DA:4,2
DA:6,5
DA:8,5
DA:35,5
DA:53,5
DA:54,5
DA:57,2
DA:59,7
DA:61,7
DA:88,6
DA:106,7
DA:107,7
DA:109,2
DA:111,12
DA:112,12
DA:113,12
DA:114,12
DA:116,12
DA:117,12
DA:118,12
DA:120,12
DA:121,12
DA:122,12
DA:123,12
DA:125,12
DA:128,2
LF:28
LH:28
BRDA:111,0,0,0
BRDA:111,0,1,12
BRDA:112,1,0,0
BRDA:112,1,1,12
BRDA:112,2,0,12
BRDA:112,2,1,0
BRDA:113,3,0,0
BRDA:113,3,1,12
BRDA:113,4,0,12
BRDA:113,4,1,0
BRDA:114,5,0,0
BRDA:114,5,1,12
BRDA:114,6,0,12
BRDA:114,6,1,0
BRDA:116,7,0,0
BRDA:116,7,1,12
BRDA:116,8,0,12
BRDA:116,8,1,0
BRDA:117,9,0,0
BRDA:117,9,1,12
BRDA:117,10,0,12
BRDA:117,10,1,0
BRDA:118,11,0,0
BRDA:118,11,1,12
BRDA:118,12,0,12
BRDA:118,12,1,0
BRDA:120,13,0,0
BRDA:120,13,1,12
BRDA:120,14,0,12
BRDA:120,14,1,0
BRDA:121,15,0,0
BRDA:121,15,1,12
BRDA:121,16,0,12
BRDA:121,16,1,0
BRDA:122,17,0,0
BRDA:122,17,1,12
BRDA:122,18,0,12
BRDA:122,18,1,0
BRDA:123,19,0,0
BRDA:123,19,1,12
BRDA:123,20,0,12
BRDA:123,20,1,0
BRF:42
BRH:21
end_of_record
TN:
SF:C:\Users\diberry\repos\dina\utterance-manager\apiServer\src\server.js
FN:12,(anonymous_0)
FN:15,(anonymous_1)
FN:19,errorHandler
FN:27,(anonymous_3)
FN:45,(anonymous_4)
FN:49,(anonymous_5)
FN:51,(anonymous_6)
FN:58,(anonymous_7)
FN:70,(anonymous_8)
FN:81,(anonymous_9)
FN:85,(anonymous_10)
FN:97,(anonymous_11)
FN:126,(anonymous_12)
FN:160,(anonymous_13)
FN:186,(anonymous_14)
FN:221,(anonymous_15)
FN:236,(anonymous_16)
FN:240,(anonymous_17)
FNF:18
FNH:15
FNDA:12,(anonymous_0)
FNDA:12,(anonymous_1)
FNDA:0,errorHandler
FNDA:12,(anonymous_3)
FNDA:12,(anonymous_4)
FNDA:1,(anonymous_5)
FNDA:1,(anonymous_6)
FNDA:1,(anonymous_7)
FNDA:1,(anonymous_8)
FNDA:1,(anonymous_9)
FNDA:1,(anonymous_10)
FNDA:1,(anonymous_11)
FNDA:1,(anonymous_12)
FNDA:2,(anonymous_13)
FNDA:1,(anonymous_14)
FNDA:12,(anonymous_15)
FNDA:0,(anonymous_16)
FNDA:0,(anonymous_17)
DA:1,2
DA:2,2
DA:3,2
DA:9,2
DA:10,2
DA:12,2
DA:13,12
DA:15,2
DA:16,12
DA:20,0
DA:21,0
DA:27,2
DA:29,12
DA:30,5
DA:32,7
DA:34,12
DA:35,12
DA:36,12
DA:37,12
DA:42,12
DA:45,2
DA:47,12
DA:49,12
DA:51,12
DA:52,1
DA:53,1
DA:54,1
DA:55,1
DA:58,12
DA:59,1
DA:60,1
DA:61,1
DA:67,1
DA:70,12
DA:71,1
DA:72,1
DA:73,1
DA:79,1
DA:81,12
DA:82,1
DA:85,12
DA:86,1
DA:87,1
DA:90,0
DA:97,12
DA:99,1
DA:101,1
DA:103,1
DA:104,0
DA:105,0
DA:106,0
DA:108,0
DA:111,1
DA:112,1
DA:113,1
DA:114,1
DA:116,1
DA:118,1
DA:121,0
DA:126,12
DA:128,1
DA:130,1
DA:131,1
DA:133,1
DA:135,0
DA:136,0
DA:138,0
DA:141,1
DA:143,1
DA:144,1
DA:145,1
DA:146,1
DA:147,1
DA:148,1
DA:149,1
DA:151,1
DA:154,0
DA:155,0
DA:160,12
DA:162,2
DA:164,2
DA:165,1
DA:166,1
DA:167,1
DA:169,1
DA:172,1
DA:173,1
DA:174,1
DA:175,1
DA:177,1
DA:181,0
DA:186,12
DA:188,1
DA:190,1
DA:191,0
DA:192,0
DA:193,0
DA:195,0
DA:199,1
DA:202,1
DA:203,1
DA:204,1
DA:205,1
DA:207,1
DA:209,1
DA:212,0
DA:213,0
DA:218,12
DA:221,2
DA:223,12
DA:225,12
DA:227,12
DA:228,12
DA:230,12
DA:233,0
DA:236,2
DA:240,0
DA:245,2
LF:118
LH:96
BRDA:29,0,0,5
BRDA:29,0,1,7
BRDA:47,1,0,12
BRDA:47,1,1,0
BRDA:101,2,0,0
BRDA:101,2,1,1
BRDA:103,3,0,0
BRDA:103,3,1,1
BRDA:103,4,0,1
BRDA:103,4,1,1
BRDA:103,4,2,1
BRDA:103,4,3,1
BRDA:130,5,0,0
BRDA:130,5,1,1
BRDA:133,6,0,0
BRDA:133,6,1,1
BRDA:133,7,0,1
BRDA:133,7,1,1
BRDA:133,7,2,1
BRDA:164,8,0,1
BRDA:164,8,1,1
BRDA:164,9,0,2
BRDA:164,9,1,2
BRDA:164,9,2,2
BRDA:164,9,3,2
BRDA:190,10,0,0
BRDA:190,10,1,1
BRDA:190,11,0,1
BRDA:190,11,1,1
BRDA:190,11,2,1
BRF:30
BRH:24
end_of_record
TN:
SF:C:\Users\diberry\repos\dina\utterance-manager\apiServer\src\text.js
FN:8,(anonymous_0)
FN:12,(anonymous_1)
FN:35,(anonymous_2)
FN:38,(anonymous_3)
FN:49,(anonymous_4)
FN:110,(anonymous_5)
FN:114,(anonymous_6)
FN:147,(anonymous_7)
FN:151,(anonymous_8)
FN:159,(anonymous_9)
FN:191,(anonymous_10)
FN:213,(anonymous_11)
FN:245,(anonymous_12)
FN:287,(anonymous_13)
FNF:14
FNH:12
FNDA:84,(anonymous_0)
FNDA:2,(anonymous_1)
FNDA:0,(anonymous_2)
FNDA:0,(anonymous_3)
FNDA:2,(anonymous_4)
FNDA:2,(anonymous_5)
FNDA:158,(anonymous_6)
FNDA:158,(anonymous_7)
FNDA:158,(anonymous_8)
FNDA:1,(anonymous_9)
FNDA:1,(anonymous_10)
FNDA:79,(anonymous_11)
FNDA:84,(anonymous_12)
FNDA:90,(anonymous_13)
DA:1,3
DA:2,3
DA:3,3
DA:4,3
DA:6,3
DA:8,3
DA:10,84
DA:12,3
DA:14,2
DA:15,2
DA:17,2
DA:19,2
DA:20,2
DA:21,0
DA:27,2
DA:30,0
DA:35,3
DA:36,0
DA:38,3
DA:39,0
DA:49,3
DA:51,2
DA:53,2
DA:56,2
DA:59,2
DA:60,2
DA:61,160
DA:65,2
DA:66,2
DA:67,2
DA:68,16
DA:70,16
DA:71,16
DA:76,2
DA:79,2
DA:80,2
DA:81,158
DA:82,158
DA:84,1264
DA:85,1106
DA:87,0
DA:88,1106
DA:90,0
DA:93,1106
DA:97,158
DA:99,2
DA:101,0
DA:110,3
DA:112,2
DA:114,2
DA:116,158
DA:118,158
DA:121,158
DA:123,158
DA:124,158
DA:131,158
DA:134,158
DA:137,158
DA:138,158
DA:140,158
DA:145,2
DA:147,3
DA:149,158
DA:151,158
DA:153,158
DA:157,158
DA:159,3
DA:160,1
DA:161,1
DA:162,1
DA:164,1
DA:166,1
DA:168,1
DA:171,3
DA:172,3
DA:173,3
DA:174,3
DA:178,1
DA:179,1
DA:180,1
DA:181,1
DA:184,0
DA:191,3
DA:192,1
DA:193,1
DA:194,1
DA:196,1
DA:198,1
DA:199,1
DA:200,1
DA:206,1
DA:207,1
DA:210,1
DA:213,1
DA:214,79
DA:216,1
DA:217,1
DA:219,1
DA:221,1
DA:223,79
DA:224,79
DA:225,79
DA:226,79
DA:231,1
DA:232,1
DA:233,1
DA:234,1
DA:237,0
DA:238,0
DA:245,3
DA:246,84
DA:248,84
DA:249,0
DA:255,84
DA:256,83
DA:259,84
DA:270,84
DA:271,84
DA:272,84
DA:273,84
DA:275,84
DA:278,0
DA:279,0
DA:287,3
DA:288,90
DA:296,3
LF:126
LH:113
BRDA:20,0,0,0
BRDA:20,0,1,2
BRDA:20,1,0,2
BRDA:20,1,1,2
BRDA:53,2,0,0
BRDA:53,2,1,2
BRDA:68,3,0,0
BRDA:68,3,1,16
BRDA:84,4,0,1106
BRDA:84,4,1,158
BRDA:85,5,0,0
BRDA:85,5,1,1106
BRDA:88,6,0,0
BRDA:88,6,1,1106
BRDA:112,7,0,0
BRDA:112,7,1,2
BRDA:112,8,0,2
BRDA:112,8,1,2
BRDA:112,8,2,2
BRDA:116,9,0,158
BRDA:116,9,1,0
BRDA:116,10,0,158
BRDA:116,10,1,158
BRDA:121,11,0,158
BRDA:121,11,1,0
BRDA:138,12,0,158
BRDA:138,12,1,0
BRDA:149,13,0,158
BRDA:149,13,1,0
BRDA:149,14,0,158
BRDA:149,14,1,158
BRDA:171,15,0,3
BRDA:171,15,1,0
BRDA:223,16,0,79
BRDA:223,16,1,0
BRDA:248,17,0,0
BRDA:248,17,1,84
BRDA:248,18,0,84
BRDA:248,18,1,0
BRDA:248,18,2,0
BRDA:255,19,0,83
BRDA:255,19,1,1
BRDA:255,20,0,84
BRDA:255,20,1,1
BRF:44
BRH:29
end_of_record
TN:
SF:C:\Users\diberry\repos\dina\utterance-manager\apiServer\src\tts.js
FN:5,(anonymous_0)
FN:21,(anonymous_1)
FN:55,(anonymous_2)
FN:80,(anonymous_3)
FN:95,(anonymous_4)
FNF:5
FNH:5
FNDA:77,(anonymous_0)
FNDA:76,(anonymous_1)
FNDA:76,(anonymous_2)
FNDA:76,(anonymous_3)
FNDA:84,(anonymous_4)
DA:1,3
DA:2,3
DA:5,3
DA:6,77
DA:7,77
DA:14,77
DA:16,0
DA:21,3
DA:23,76
DA:30,76
DA:33,0
DA:36,0
DA:42,0
DA:55,3
DA:57,76
DA:59,76
DA:62,76
DA:64,76
DA:79,76
DA:81,76
DA:82,53
DA:85,76
DA:88,0
DA:95,3
DA:97,84
DA:98,84
DA:99,84
DA:100,84
DA:101,84
DA:103,84
DA:104,0
DA:106,84
DA:107,0
DA:110,84
DA:111,0
DA:114,84
DA:115,0
DA:118,84
DA:119,0
DA:122,84
DA:123,0
DA:125,84
DA:126,0
DA:127,84
DA:128,84
DA:134,84
DA:138,84
DA:139,0
DA:142,84
DA:143,7
DA:146,84
DA:147,7
DA:148,7
DA:151,77
DA:153,77
DA:156,76
DA:158,53
DA:159,53
DA:162,24
DA:164,77
DA:168,3
LF:61
LH:48
BRDA:30,0,0,76
BRDA:30,0,1,0
BRDA:30,1,0,76
BRDA:30,1,1,0
BRDA:33,2,0,0
BRDA:33,2,1,0
BRDA:81,3,0,53
BRDA:81,3,1,23
BRDA:103,4,0,0
BRDA:103,4,1,84
BRDA:106,5,0,0
BRDA:106,5,1,84
BRDA:110,6,0,0
BRDA:110,6,1,84
BRDA:114,7,0,0
BRDA:114,7,1,84
BRDA:118,8,0,0
BRDA:118,8,1,84
BRDA:122,9,0,0
BRDA:122,9,1,84
BRDA:125,10,0,0
BRDA:125,10,1,84
BRDA:125,11,0,84
BRDA:125,11,1,0
BRDA:127,12,0,84
BRDA:127,12,1,0
BRDA:127,13,0,84
BRDA:127,13,1,84
BRDA:138,14,0,0
BRDA:138,14,1,84
BRDA:142,15,0,7
BRDA:142,15,1,77
BRDA:146,16,0,7
BRDA:146,16,1,77
BRF:34
BRH:20
end_of_record
